
[2025-08-11 07:09:34,198] INFO in notifications: Start scheduled users mailing...
[2025-08-11 07:09:34,202] WARNING in notifications: No pending alerts to email.
[2025-08-11 07:09:34,202] INFO in notifications: mailing successfully completed
[2025-08-11 07:12:00,613] INFO in notifications: Start scheduled users mailing...
[2025-08-11 07:12:00,616] WARNING in notifications: No pending alerts to email.
[2025-08-11 07:12:00,616] INFO in notifications: mailing successfully completed
[2025-08-11 07:23:42,117] INFO in notifications: Start scheduled users mailing...
[2025-08-11 07:23:42,122] WARNING in notifications: No pending alerts to email.
[2025-08-11 07:23:42,123] INFO in notifications: mailing successfully completed
[2025-08-11 07:24:00,602] INFO in notifications: Start scheduled users mailing...
[2025-08-11 07:24:00,605] WARNING in notifications: No pending alerts to email.
[2025-08-11 07:24:00,606] INFO in notifications: mailing successfully completed
[2025-08-11 07:35:00,722] INFO in notifications: Start scheduled users mailing...
[2025-08-11 07:35:00,725] WARNING in notifications: No pending alerts to email.
[2025-08-11 07:35:00,725] INFO in notifications: mailing successfully completed
[2025-08-11 07:38:00,730] INFO in notifications: Start scheduled users mailing...
[2025-08-11 07:38:00,732] WARNING in notifications: No pending alerts to email.
[2025-08-11 07:38:00,733] INFO in notifications: mailing successfully completed
[2025-08-11 07:40:00,636] INFO in notifications: Start scheduled users mailing...
[2025-08-11 07:40:00,640] WARNING in notifications: No pending alerts to email.
[2025-08-11 07:40:00,640] INFO in notifications: mailing successfully completed
[2025-08-11 07:42:00,658] INFO in notifications: Start scheduled users mailing...
[2025-08-11 07:42:00,661] WARNING in notifications: No pending alerts to email.
[2025-08-11 07:42:00,661] INFO in notifications: mailing successfully completed
[2025-08-11 07:44:00,653] INFO in notifications: Start scheduled users mailing...
[2025-08-11 07:44:00,656] WARNING in notifications: No pending alerts to email.
[2025-08-11 07:44:00,657] INFO in notifications: mailing successfully completed
[2025-08-11 07:46:00,602] INFO in notifications: Start scheduled users mailing...
[2025-08-11 07:46:00,606] WARNING in notifications: No pending alerts to email.
[2025-08-11 07:46:00,607] INFO in notifications: mailing successfully completed
[2025-08-11 07:56:08,176] INFO in notifications: Start scheduled users mailing...
[2025-08-11 07:56:08,179] WARNING in notifications: No pending alerts to email.
[2025-08-11 07:56:08,179] INFO in notifications: mailing successfully completed
[2025-08-11 07:56:08,183] INFO in notifications: Start scheduled users mailing...
[2025-08-11 07:56:08,185] WARNING in notifications: No pending alerts to email.
[2025-08-11 07:56:08,186] INFO in notifications: mailing successfully completed
[2025-08-11 07:56:08,192] INFO in notifications: Start scheduled users mailing...
[2025-08-11 07:56:08,195] WARNING in notifications: No pending alerts to email.
[2025-08-11 07:56:08,195] INFO in notifications: mailing successfully completed
[2025-08-11 07:56:08,770] INFO in notifications: Start scheduled users mailing...
[2025-08-11 07:56:08,774] WARNING in notifications: No pending alerts to email.
[2025-08-11 07:56:08,774] INFO in notifications: mailing successfully completed
[2025-08-11 07:56:08,780] INFO in notifications: Start scheduled users mailing...
[2025-08-11 07:56:08,782] WARNING in notifications: No pending alerts to email.
[2025-08-11 07:56:08,783] INFO in notifications: mailing successfully completed
[2025-08-11 07:58:05,657] INFO in notifications: Start scheduled users mailing...
[2025-08-11 07:58:05,659] WARNING in notifications: No pending alerts to email.
[2025-08-11 07:58:05,660] INFO in notifications: mailing completed
[2025-08-11 08:00:00,583] INFO in notifications: Start scheduled users mailing...
[2025-08-11 08:00:00,587] WARNING in notifications: No pending alerts to email.
[2025-08-11 08:00:00,587] INFO in notifications: mailing completed
[2025-08-11 08:02:00,721] INFO in notifications: Start scheduled users mailing...
[2025-08-11 08:02:00,723] WARNING in notifications: No pending alerts to email.
[2025-08-11 08:02:00,724] INFO in notifications: mailing completed
[2025-08-11 08:04:00,584] INFO in notifications: Start scheduled users mailing...
[2025-08-11 08:04:00,586] WARNING in notifications: No pending alerts to email.
[2025-08-11 08:04:00,587] INFO in notifications: mailing completed
[2025-08-11 08:15:03,477] INFO in notifications: Start scheduled users mailing...
[2025-08-11 08:15:03,480] WARNING in notifications: No pending alerts to email.
[2025-08-11 08:15:03,480] INFO in notifications: mailing completed
[2025-08-11 08:15:03,484] INFO in notifications: Start scheduled users mailing...
[2025-08-11 08:15:03,489] WARNING in notifications: No pending alerts to email.
[2025-08-11 08:15:03,489] INFO in notifications: mailing completed
[2025-08-11 08:15:03,493] INFO in notifications: Start scheduled users mailing...
[2025-08-11 08:15:03,496] WARNING in notifications: No pending alerts to email.
[2025-08-11 08:15:03,496] INFO in notifications: mailing completed
[2025-08-11 08:15:03,500] INFO in notifications: Start scheduled users mailing...
[2025-08-11 08:15:03,503] WARNING in notifications: No pending alerts to email.
[2025-08-11 08:15:03,503] INFO in notifications: mailing completed
[2025-08-11 08:15:03,508] INFO in notifications: Start scheduled users mailing...
[2025-08-11 08:15:03,511] WARNING in notifications: No pending alerts to email.
[2025-08-11 08:15:03,511] INFO in notifications: mailing completed
[2025-08-11 08:27:30,237] INFO in notifications: Start scheduled users mailing...
[2025-08-11 08:27:30,242] WARNING in notifications: No pending alerts to email.
[2025-08-11 08:27:30,243] INFO in notifications: mailing completed
[2025-08-11 08:28:00,603] INFO in notifications: Start scheduled users mailing...
[2025-08-11 08:28:00,607] WARNING in notifications: No pending alerts to email.
[2025-08-11 08:28:00,607] INFO in notifications: mailing completed
[2025-08-11 08:33:00,738] INFO in notifications: Start scheduled users mailing...
[2025-08-11 08:33:00,741] WARNING in notifications: No pending alerts to email.
[2025-08-11 08:33:00,741] INFO in notifications: mailing completed
[2025-08-11 08:36:00,620] INFO in notifications: Start scheduled users mailing...
[2025-08-11 08:36:00,622] WARNING in notifications: No pending alerts to email.
[2025-08-11 08:36:00,623] INFO in notifications: mailing completed
[2025-08-11 08:49:41,459] INFO in notifications: Start scheduled users mailing...
[2025-08-11 08:49:41,464] ERROR in notifications: unsupported operand type(s) for -: 'datetime.datetime' and 'NoneType'
[2025-08-11 08:51:00,527] INFO in notifications: Start scheduled users mailing...
[2025-08-11 08:51:00,529] ERROR in notifications: unsupported operand type(s) for -: 'datetime.datetime' and 'NoneType'
[2025-08-11 08:57:28,607] INFO in notifications: Start scheduled users mailing...
[2025-08-11 08:57:31,684] INFO in notifications: Stock alert email sent to aliahmed0981@gmail.com for MSFT
[2025-08-11 08:57:34,205] INFO in notifications: Stock alert email sent to aliahmed0981@gmail.com for AAPL
[2025-08-11 08:57:34,206] INFO in notifications: mailing completed
[2025-08-11 08:57:34,213] INFO in notifications: Start scheduled users mailing...
[2025-08-11 08:57:34,216] WARNING in notifications: No pending alerts to email.
[2025-08-11 08:57:34,216] INFO in notifications: mailing completed
[2025-08-11 13:52:36,503] INFO in notifications: Start scheduled users mailing...
[2025-08-11 13:52:38,732] INFO in notifications: Stock alert email sent to aliahmed0981@gmail.com for GOOGL
[2025-08-11 13:52:38,733] INFO in notifications: mailing completed
[2025-08-11 14:10:33,655] INFO in notifications: Start scheduled users mailing...
[2025-08-11 14:10:35,953] INFO in notifications: Stock alert email sent to aliahmed0981@gmail.com for TSLA
[2025-08-11 14:10:35,954] INFO in notifications: mailing completed
